[2017-02-23 06:53:50] local.ERROR: exception 'Symfony\Component\Console\Exception\RuntimeException' with message 'Too many arguments, expected arguments "command" "name".' in C:\Users\YUDAPB\Laravel\crud-yudapb\vendor\symfony\console\Input\ArgvInput.php:184
Stack trace:
#0 C:\Users\YUDAPB\Laravel\crud-yudapb\vendor\symfony\console\Input\ArgvInput.php(88): Symfony\Component\Console\Input\ArgvInput->parseArgument('resource')
#1 C:\Users\YUDAPB\Laravel\crud-yudapb\vendor\symfony\console\Input\Input.php(63): Symfony\Component\Console\Input\ArgvInput->parse()
#2 C:\Users\YUDAPB\Laravel\crud-yudapb\vendor\symfony\console\Command\Command.php(220): Symfony\Component\Console\Input\Input->bind(Object(Symfony\Component\Console\Input\InputDefinition))
#3 C:\Users\YUDAPB\Laravel\crud-yudapb\vendor\laravel\framework\src\Illuminate\Console\Command.php(168): Symfony\Component\Console\Command\Command->run(Object(Symfony\Component\Console\Input\ArgvInput), Object(Illuminate\Console\OutputStyle))
#4 C:\Users\YUDAPB\Laravel\crud-yudapb\vendor\symfony\console\Application.php(826): Illuminate\Console\Command->run(Object(Symfony\Component\Console\Input\ArgvInput), Object(Symfony\Component\Console\Output\ConsoleOutput))
#5 C:\Users\YUDAPB\Laravel\crud-yudapb\vendor\symfony\console\Application.php(189): Symfony\Component\Console\Application->doRunCommand(Object(Illuminate\Routing\Console\ControllerMakeCommand), Object(Symfony\Component\Console\Input\ArgvInput), Object(Symfony\Component\Console\Output\ConsoleOutput))
#6 C:\Users\YUDAPB\Laravel\crud-yudapb\vendor\symfony\console\Application.php(120): Symfony\Component\Console\Application->doRun(Object(Symfony\Component\Console\Input\ArgvInput), Object(Symfony\Component\Console\Output\ConsoleOutput))
#7 C:\Users\YUDAPB\Laravel\crud-yudapb\vendor\laravel\framework\src\Illuminate\Foundation\Console\Kernel.php(123): Symfony\Component\Console\Application->run(Object(Symfony\Component\Console\Input\ArgvInput), Object(Symfony\Component\Console\Output\ConsoleOutput))
#8 C:\Users\YUDAPB\Laravel\crud-yudapb\artisan(36): Illuminate\Foundation\Console\Kernel->handle(Object(Symfony\Component\Console\Input\ArgvInput), Object(Symfony\Component\Console\Output\ConsoleOutput))
#9 {main}  
[2017-02-23 06:55:11] local.ERROR: exception 'Symfony\Component\Console\Exception\RuntimeException' with message 'Too many arguments, expected arguments "command" "name".' in C:\Users\YUDAPB\Laravel\crud-yudapb\vendor\symfony\console\Input\ArgvInput.php:184
Stack trace:
#0 C:\Users\YUDAPB\Laravel\crud-yudapb\vendor\symfony\console\Input\ArgvInput.php(88): Symfony\Component\Console\Input\ArgvInput->parseArgument('resource')
#1 C:\Users\YUDAPB\Laravel\crud-yudapb\vendor\symfony\console\Input\Input.php(63): Symfony\Component\Console\Input\ArgvInput->parse()
#2 C:\Users\YUDAPB\Laravel\crud-yudapb\vendor\symfony\console\Command\Command.php(220): Symfony\Component\Console\Input\Input->bind(Object(Symfony\Component\Console\Input\InputDefinition))
#3 C:\Users\YUDAPB\Laravel\crud-yudapb\vendor\laravel\framework\src\Illuminate\Console\Command.php(168): Symfony\Component\Console\Command\Command->run(Object(Symfony\Component\Console\Input\ArgvInput), Object(Illuminate\Console\OutputStyle))
#4 C:\Users\YUDAPB\Laravel\crud-yudapb\vendor\symfony\console\Application.php(826): Illuminate\Console\Command->run(Object(Symfony\Component\Console\Input\ArgvInput), Object(Symfony\Component\Console\Output\ConsoleOutput))
#5 C:\Users\YUDAPB\Laravel\crud-yudapb\vendor\symfony\console\Application.php(189): Symfony\Component\Console\Application->doRunCommand(Object(Illuminate\Routing\Console\ControllerMakeCommand), Object(Symfony\Component\Console\Input\ArgvInput), Object(Symfony\Component\Console\Output\ConsoleOutput))
#6 C:\Users\YUDAPB\Laravel\crud-yudapb\vendor\symfony\console\Application.php(120): Symfony\Component\Console\Application->doRun(Object(Symfony\Component\Console\Input\ArgvInput), Object(Symfony\Component\Console\Output\ConsoleOutput))
#7 C:\Users\YUDAPB\Laravel\crud-yudapb\vendor\laravel\framework\src\Illuminate\Foundation\Console\Kernel.php(123): Symfony\Component\Console\Application->run(Object(Symfony\Component\Console\Input\ArgvInput), Object(Symfony\Component\Console\Output\ConsoleOutput))
#8 C:\Users\YUDAPB\Laravel\crud-yudapb\artisan(36): Illuminate\Foundation\Console\Kernel->handle(Object(Symfony\Component\Console\Input\ArgvInput), Object(Symfony\Component\Console\Output\ConsoleOutput))
#9 {main}  
[2017-02-23 07:12:47] local.ERROR: exception 'Symfony\Component\Console\Exception\RuntimeException' with message 'Too many arguments, expected arguments "command" "name".' in C:\Users\YUDAPB\Laravel\crud-yudapb\vendor\symfony\console\Input\ArgvInput.php:184
Stack trace:
#0 C:\Users\YUDAPB\Laravel\crud-yudapb\vendor\symfony\console\Input\ArgvInput.php(88): Symfony\Component\Console\Input\ArgvInput->parseArgument('create=mahasisw...')
#1 C:\Users\YUDAPB\Laravel\crud-yudapb\vendor\symfony\console\Input\Input.php(63): Symfony\Component\Console\Input\ArgvInput->parse()
#2 C:\Users\YUDAPB\Laravel\crud-yudapb\vendor\symfony\console\Command\Command.php(220): Symfony\Component\Console\Input\Input->bind(Object(Symfony\Component\Console\Input\InputDefinition))
#3 C:\Users\YUDAPB\Laravel\crud-yudapb\vendor\laravel\framework\src\Illuminate\Console\Command.php(168): Symfony\Component\Console\Command\Command->run(Object(Symfony\Component\Console\Input\ArgvInput), Object(Illuminate\Console\OutputStyle))
#4 C:\Users\YUDAPB\Laravel\crud-yudapb\vendor\symfony\console\Application.php(826): Illuminate\Console\Command->run(Object(Symfony\Component\Console\Input\ArgvInput), Object(Symfony\Component\Console\Output\ConsoleOutput))
#5 C:\Users\YUDAPB\Laravel\crud-yudapb\vendor\symfony\console\Application.php(189): Symfony\Component\Console\Application->doRunCommand(Object(Illuminate\Database\Console\Migrations\MigrateMakeCommand), Object(Symfony\Component\Console\Input\ArgvInput), Object(Symfony\Component\Console\Output\ConsoleOutput))
#6 C:\Users\YUDAPB\Laravel\crud-yudapb\vendor\symfony\console\Application.php(120): Symfony\Component\Console\Application->doRun(Object(Symfony\Component\Console\Input\ArgvInput), Object(Symfony\Component\Console\Output\ConsoleOutput))
#7 C:\Users\YUDAPB\Laravel\crud-yudapb\vendor\laravel\framework\src\Illuminate\Foundation\Console\Kernel.php(123): Symfony\Component\Console\Application->run(Object(Symfony\Component\Console\Input\ArgvInput), Object(Symfony\Component\Console\Output\ConsoleOutput))
#8 C:\Users\YUDAPB\Laravel\crud-yudapb\artisan(36): Illuminate\Foundation\Console\Kernel->handle(Object(Symfony\Component\Console\Input\ArgvInput), Object(Symfony\Component\Console\Output\ConsoleOutput))
#9 {main}  
[2017-02-23 07:45:32] local.ERROR: exception 'Symfony\Component\Debug\Exception\FatalErrorException' with message 'syntax error, unexpected '}'' in C:\Users\YUDAPB\Laravel\crud-yudapb\routes\web.php:18
Stack trace:
#0 {main}  
[2017-02-23 07:46:14] local.ERROR: exception 'Symfony\Component\Debug\Exception\FatalErrorException' with message 'syntax error, unexpected ')'' in C:\Users\YUDAPB\Laravel\crud-yudapb\routes\web.php:18
Stack trace:
#0 {main}  
[2017-02-23 07:47:25] local.ERROR: exception 'Symfony\Component\Debug\Exception\FatalErrorException' with message 'syntax error, unexpected '}'' in C:\Users\YUDAPB\Laravel\crud-yudapb\app\Http\Controllers\ViewController.php:18
Stack trace:
#0 {main}  
[2017-02-23 07:47:30] local.ERROR: exception 'Symfony\Component\Debug\Exception\FatalErrorException' with message 'syntax error, unexpected '}'' in C:\Users\YUDAPB\Laravel\crud-yudapb\app\Http\Controllers\ViewController.php:18
Stack trace:
#0 {main}  
[2017-02-23 07:48:58] local.ERROR: exception 'Symfony\Component\Debug\Exception\FatalErrorException' with message 'syntax error, unexpected '}'' in C:\Users\YUDAPB\Laravel\crud-yudapb\app\Http\Controllers\ViewController.php:23
Stack trace:
#0 {main}  
[2017-02-23 07:49:21] local.ERROR: exception 'Symfony\Component\Debug\Exception\FatalErrorException' with message 'Cannot redeclare App\Http\Controllers\ViewController::edit()' in C:\Users\YUDAPB\Laravel\crud-yudapb\app\Http\Controllers\ViewController.php:73
Stack trace:
#0 {main}  
[2017-02-23 08:16:26] local.ERROR: exception 'UnexpectedValueException' with message 'Invalid route action: [App\Http\Controllers\welcome].' in C:\Users\YUDAPB\Laravel\crud-yudapb\vendor\laravel\framework\src\Illuminate\Routing\RouteAction.php:84
Stack trace:
#0 C:\Users\YUDAPB\Laravel\crud-yudapb\vendor\laravel\framework\src\Illuminate\Routing\RouteAction.php(43): Illuminate\Routing\RouteAction::makeInvokable('App\\Http\\Contro...')
#1 C:\Users\YUDAPB\Laravel\crud-yudapb\vendor\laravel\framework\src\Illuminate\Routing\Route.php(146): Illuminate\Routing\RouteAction::parse('/', Array)
#2 C:\Users\YUDAPB\Laravel\crud-yudapb\vendor\laravel\framework\src\Illuminate\Routing\Route.php(125): Illuminate\Routing\Route->parseAction(Array)
#3 C:\Users\YUDAPB\Laravel\crud-yudapb\vendor\laravel\framework\src\Illuminate\Routing\Router.php(446): Illuminate\Routing\Route->__construct(Array, '/', Array)
#4 C:\Users\YUDAPB\Laravel\crud-yudapb\vendor\laravel\framework\src\Illuminate\Routing\Router.php(366): Illuminate\Routing\Router->newRoute(Array, '/', Array)
#5 C:\Users\YUDAPB\Laravel\crud-yudapb\vendor\laravel\framework\src\Illuminate\Routing\Router.php(344): Illuminate\Routing\Router->createRoute(Array, '/', 'welcome')
#6 C:\Users\YUDAPB\Laravel\crud-yudapb\vendor\laravel\framework\src\Illuminate\Routing\Router.php(134): Illuminate\Routing\Router->addRoute(Array, '/', 'welcome')
#7 C:\Users\YUDAPB\Laravel\crud-yudapb\vendor\laravel\framework\src\Illuminate\Support\Facades\Facade.php(221): Illuminate\Routing\Router->get('/', 'welcome')
#8 C:\Users\YUDAPB\Laravel\crud-yudapb\routes\web.php(18): Illuminate\Support\Facades\Facade::__callStatic('get', Array)
#9 C:\Users\YUDAPB\Laravel\crud-yudapb\routes\web.php(18): Illuminate\Support\Facades\Route::get('/', 'welcome')
#10 C:\Users\YUDAPB\Laravel\crud-yudapb\vendor\laravel\framework\src\Illuminate\Routing\Router.php(314): require('C:\\Users\\YUDAPB...')
#11 C:\Users\YUDAPB\Laravel\crud-yudapb\vendor\laravel\framework\src\Illuminate\Routing\Router.php(270): Illuminate\Routing\Router->loadRoutes('C:\\Users\\YUDAPB...')
#12 C:\Users\YUDAPB\Laravel\crud-yudapb\vendor\laravel\framework\src\Illuminate\Routing\RouteRegistrar.php(104): Illuminate\Routing\Router->group(Array, 'C:\\Users\\YUDAPB...')
#13 C:\Users\YUDAPB\Laravel\crud-yudapb\app\Providers\RouteServiceProvider.php(56): Illuminate\Routing\RouteRegistrar->group('C:\\Users\\YUDAPB...')
#14 C:\Users\YUDAPB\Laravel\crud-yudapb\app\Providers\RouteServiceProvider.php(40): App\Providers\RouteServiceProvider->mapWebRoutes()
#15 [internal function]: App\Providers\RouteServiceProvider->map()
#16 C:\Users\YUDAPB\Laravel\crud-yudapb\vendor\laravel\framework\src\Illuminate\Container\BoundMethod.php(29): call_user_func_array(Array, Array)
#17 C:\Users\YUDAPB\Laravel\crud-yudapb\vendor\laravel\framework\src\Illuminate\Support\helpers.php(912): Illuminate\Container\BoundMethod::Illuminate\Container\{closure}()
#18 C:\Users\YUDAPB\Laravel\crud-yudapb\vendor\laravel\framework\src\Illuminate\Container\BoundMethod.php(86): value(Object(Closure))
#19 C:\Users\YUDAPB\Laravel\crud-yudapb\vendor\laravel\framework\src\Illuminate\Container\BoundMethod.php(30): Illuminate\Container\BoundMethod::callBoundMethod(Object(Illuminate\Foundation\Application), Array, Object(Closure))
#20 C:\Users\YUDAPB\Laravel\crud-yudapb\vendor\laravel\framework\src\Illuminate\Container\Container.php(524): Illuminate\Container\BoundMethod::call(Object(Illuminate\Foundation\Application), Array, Array, NULL)
#21 C:\Users\YUDAPB\Laravel\crud-yudapb\vendor\laravel\framework\src\Illuminate\Foundation\Support\Providers\RouteServiceProvider.php(70): Illuminate\Container\Container->call(Array)
#22 C:\Users\YUDAPB\Laravel\crud-yudapb\vendor\laravel\framework\src\Illuminate\Foundation\Support\Providers\RouteServiceProvider.php(30): Illuminate\Foundation\Support\Providers\RouteServiceProvider->loadRoutes()
#23 C:\Users\YUDAPB\Laravel\crud-yudapb\app\Providers\RouteServiceProvider.php(28): Illuminate\Foundation\Support\Providers\RouteServiceProvider->boot()
#24 [internal function]: App\Providers\RouteServiceProvider->boot()
#25 C:\Users\YUDAPB\Laravel\crud-yudapb\vendor\laravel\framework\src\Illuminate\Container\BoundMethod.php(29): call_user_func_array(Array, Array)
#26 C:\Users\YUDAPB\Laravel\crud-yudapb\vendor\laravel\framework\src\Illuminate\Support\helpers.php(912): Illuminate\Container\BoundMethod::Illuminate\Container\{closure}()
#27 C:\Users\YUDAPB\Laravel\crud-yudapb\vendor\laravel\framework\src\Illuminate\Container\BoundMethod.php(86): value(Object(Closure))
#28 C:\Users\YUDAPB\Laravel\crud-yudapb\vendor\laravel\framework\src\Illuminate\Container\BoundMethod.php(30): Illuminate\Container\BoundMethod::callBoundMethod(Object(Illuminate\Foundation\Application), Array, Object(Closure))
#29 C:\Users\YUDAPB\Laravel\crud-yudapb\vendor\laravel\framework\src\Illuminate\Container\Container.php(524): Illuminate\Container\BoundMethod::call(Object(Illuminate\Foundation\Application), Array, Array, NULL)
#30 C:\Users\YUDAPB\Laravel\crud-yudapb\vendor\laravel\framework\src\Illuminate\Foundation\Application.php(762): Illuminate\Container\Container->call(Array)
#31 C:\Users\YUDAPB\Laravel\crud-yudapb\vendor\laravel\framework\src\Illuminate\Foundation\Application.php(745): Illuminate\Foundation\Application->bootProvider(Object(App\Providers\RouteServiceProvider))
#32 [internal function]: Illuminate\Foundation\Application->Illuminate\Foundation\{closure}(Object(App\Providers\RouteServiceProvider), 17)
#33 C:\Users\YUDAPB\Laravel\crud-yudapb\vendor\laravel\framework\src\Illuminate\Foundation\Application.php(746): array_walk(Array, Object(Closure))
#34 C:\Users\YUDAPB\Laravel\crud-yudapb\vendor\laravel\framework\src\Illuminate\Foundation\Bootstrap\BootProviders.php(17): Illuminate\Foundation\Application->boot()
#35 C:\Users\YUDAPB\Laravel\crud-yudapb\vendor\laravel\framework\src\Illuminate\Foundation\Application.php(208): Illuminate\Foundation\Bootstrap\BootProviders->bootstrap(Object(Illuminate\Foundation\Application))
#36 C:\Users\YUDAPB\Laravel\crud-yudapb\vendor\laravel\framework\src\Illuminate\Foundation\Console\Kernel.php(270): Illuminate\Foundation\Application->bootstrapWith(Array)
#37 C:\Users\YUDAPB\Laravel\crud-yudapb\vendor\laravel\framework\src\Illuminate\Foundation\Console\Kernel.php(115): Illuminate\Foundation\Console\Kernel->bootstrap()
#38 C:\Users\YUDAPB\Laravel\crud-yudapb\artisan(36): Illuminate\Foundation\Console\Kernel->handle(Object(Symfony\Component\Console\Input\ArgvInput), Object(Symfony\Component\Console\Output\ConsoleOutput))
#39 {main}  
[2017-02-23 08:36:23] local.ERROR: exception 'Symfony\Component\Debug\Exception\FatalErrorException' with message 'Call to a member function delete() on null' in C:\Users\YUDAPB\Laravel\crud-yudapb\routes\web.php:61
Stack trace:
#0 {main}  
[2017-02-23 09:09:48] local.ERROR: exception 'Symfony\Component\Debug\Exception\FatalErrorException' with message 'Class 'App\Http\Controllers\Mahasiswa' not found' in C:\Users\YUDAPB\Laravel\crud-yudapb\app\Http\Controllers\ViewController.php:36
Stack trace:
#0 {main}  
[2017-02-23 09:10:06] local.ERROR: exception 'Symfony\Component\Debug\Exception\FatalErrorException' with message 'Class 'App\Http\Controllers\mahasiswa' not found' in C:\Users\YUDAPB\Laravel\crud-yudapb\app\Http\Controllers\ViewController.php:36
Stack trace:
#0 {main}  
[2017-02-23 09:11:55] local.ERROR: exception 'Symfony\Component\Debug\Exception\FatalErrorException' with message 'Class 'App\Http\Controllers\Mahasiswa' not found' in C:\Users\YUDAPB\Laravel\crud-yudapb\app\Http\Controllers\ViewController.php:39
Stack trace:
#0 {main}  
[2017-02-23 09:11:59] local.ERROR: exception 'Symfony\Component\Debug\Exception\FatalErrorException' with message 'Class 'App\Http\Controllers\Mahasiswa' not found' in C:\Users\YUDAPB\Laravel\crud-yudapb\app\Http\Controllers\ViewController.php:39
Stack trace:
#0 {main}  
[2017-02-23 09:12:12] local.ERROR: exception 'Symfony\Component\Debug\Exception\FatalErrorException' with message 'Class 'App\Http\Controllers\mahasiswa' not found' in C:\Users\YUDAPB\Laravel\crud-yudapb\app\Http\Controllers\ViewController.php:39
Stack trace:
#0 {main}  
[2017-02-23 09:12:59] local.ERROR: exception 'Symfony\Component\Debug\Exception\FatalErrorException' with message 'Class 'App\Http\Controllers\mahasiswa' not found' in C:\Users\YUDAPB\Laravel\crud-yudapb\app\Http\Controllers\ViewController.php:39
Stack trace:
#0 {main}  
[2017-02-23 09:13:11] local.ERROR: exception 'Symfony\Component\Debug\Exception\FatalErrorException' with message 'Class 'App\Http\Controllers\Mahasiswa' not found' in C:\Users\YUDAPB\Laravel\crud-yudapb\app\Http\Controllers\ViewController.php:39
Stack trace:
#0 {main}  
[2017-02-23 09:17:22] local.ERROR: exception 'Symfony\Component\Debug\Exception\FatalErrorException' with message 'Class 'App\Models\Mahasiswa' not found' in C:\Users\YUDAPB\Laravel\crud-yudapb\app\Http\Controllers\ViewController.php:40
Stack trace:
#0 {main}  
[2017-02-23 09:17:44] local.ERROR: exception 'Symfony\Component\Debug\Exception\FatalErrorException' with message 'Class 'App\Models\mahasiswa' not found' in C:\Users\YUDAPB\Laravel\crud-yudapb\app\Http\Controllers\ViewController.php:40
Stack trace:
#0 {main}  
[2017-02-23 09:18:07] local.ERROR: exception 'Symfony\Component\Debug\Exception\FatalErrorException' with message 'Class 'App\Models\mahasiswa' not found' in C:\Users\YUDAPB\Laravel\crud-yudapb\app\Http\Controllers\ViewController.php:40
Stack trace:
#0 {main}  
[2017-02-23 09:18:10] local.ERROR: exception 'Symfony\Component\Debug\Exception\FatalErrorException' with message 'Class 'App\Models\mahasiswa' not found' in C:\Users\YUDAPB\Laravel\crud-yudapb\app\Http\Controllers\ViewController.php:40
Stack trace:
#0 {main}  
[2017-02-23 09:18:29] local.ERROR: exception 'Symfony\Component\Debug\Exception\FatalErrorException' with message 'Class 'App\Models\Mahasiswa' not found' in C:\Users\YUDAPB\Laravel\crud-yudapb\app\Http\Controllers\ViewController.php:40
Stack trace:
#0 {main}  
[2017-02-23 09:19:08] local.ERROR: exception 'InvalidArgumentException' with message 'View [home] not found.' in C:\Users\YUDAPB\Laravel\crud-yudapb\vendor\laravel\framework\src\Illuminate\View\FileViewFinder.php:137
Stack trace:
#0 C:\Users\YUDAPB\Laravel\crud-yudapb\vendor\laravel\framework\src\Illuminate\View\FileViewFinder.php(79): Illuminate\View\FileViewFinder->findInPaths('home', Array)
#1 C:\Users\YUDAPB\Laravel\crud-yudapb\vendor\laravel\framework\src\Illuminate\View\Factory.php(129): Illuminate\View\FileViewFinder->find('home')
#2 C:\Users\YUDAPB\Laravel\crud-yudapb\vendor\laravel\framework\src\Illuminate\Support\Facades\Facade.php(221): Illuminate\View\Factory->make('home')
#3 C:\Users\YUDAPB\Laravel\crud-yudapb\app\Http\Controllers\ViewController.php(41): Illuminate\Support\Facades\Facade::__callStatic('make', Array)
#4 C:\Users\YUDAPB\Laravel\crud-yudapb\app\Http\Controllers\ViewController.php(41): Illuminate\Support\Facades\View::make('home')
#5 [internal function]: App\Http\Controllers\ViewController->tampilisidatabase()
#6 C:\Users\YUDAPB\Laravel\crud-yudapb\vendor\laravel\framework\src\Illuminate\Routing\Controller.php(55): call_user_func_array(Array, Array)
#7 C:\Users\YUDAPB\Laravel\crud-yudapb\vendor\laravel\framework\src\Illuminate\Routing\ControllerDispatcher.php(44): Illuminate\Routing\Controller->callAction('tampilisidataba...', Array)
#8 C:\Users\YUDAPB\Laravel\crud-yudapb\vendor\laravel\framework\src\Illuminate\Routing\Route.php(204): Illuminate\Routing\ControllerDispatcher->dispatch(Object(Illuminate\Routing\Route), Object(App\Http\Controllers\ViewController), 'tampilisidataba...')
#9 C:\Users\YUDAPB\Laravel\crud-yudapb\vendor\laravel\framework\src\Illuminate\Routing\Route.php(160): Illuminate\Routing\Route->runController()
#10 C:\Users\YUDAPB\Laravel\crud-yudapb\vendor\laravel\framework\src\Illuminate\Routing\Router.php(559): Illuminate\Routing\Route->run()
#11 C:\Users\YUDAPB\Laravel\crud-yudapb\vendor\laravel\framework\src\Illuminate\Routing\Pipeline.php(30): Illuminate\Routing\Router->Illuminate\Routing\{closure}(Object(Illuminate\Http\Request))
#12 C:\Users\YUDAPB\Laravel\crud-yudapb\vendor\laravel\framework\src\Illuminate\Routing\Middleware\SubstituteBindings.php(41): Illuminate\Routing\Pipeline->Illuminate\Routing\{closure}(Object(Illuminate\Http\Request))
#13 C:\Users\YUDAPB\Laravel\crud-yudapb\vendor\laravel\framework\src\Illuminate\Pipeline\Pipeline.php(148): Illuminate\Routing\Middleware\SubstituteBindings->handle(Object(Illuminate\Http\Request), Object(Closure))
#14 C:\Users\YUDAPB\Laravel\crud-yudapb\vendor\laravel\framework\src\Illuminate\Routing\Pipeline.php(53): Illuminate\Pipeline\Pipeline->Illuminate\Pipeline\{closure}(Object(Illuminate\Http\Request))
#15 C:\Users\YUDAPB\Laravel\crud-yudapb\vendor\laravel\framework\src\Illuminate\Foundation\Http\Middleware\VerifyCsrfToken.php(65): Illuminate\Routing\Pipeline->Illuminate\Routing\{closure}(Object(Illuminate\Http\Request))
#16 C:\Users\YUDAPB\Laravel\crud-yudapb\vendor\laravel\framework\src\Illuminate\Pipeline\Pipeline.php(148): Illuminate\Foundation\Http\Middleware\VerifyCsrfToken->handle(Object(Illuminate\Http\Request), Object(Closure))
#17 C:\Users\YUDAPB\Laravel\crud-yudapb\vendor\laravel\framework\src\Illuminate\Routing\Pipeline.php(53): Illuminate\Pipeline\Pipeline->Illuminate\Pipeline\{closure}(Object(Illuminate\Http\Request))
#18 C:\Users\YUDAPB\Laravel\crud-yudapb\vendor\laravel\framework\src\Illuminate\View\Middleware\ShareErrorsFromSession.php(49): Illuminate\Routing\Pipeline->Illuminate\Routing\{closure}(Object(Illuminate\Http\Request))
#19 C:\Users\YUDAPB\Laravel\crud-yudapb\vendor\laravel\framework\src\Illuminate\Pipeline\Pipeline.php(148): Illuminate\View\Middleware\ShareErrorsFromSession->handle(Object(Illuminate\Http\Request), Object(Closure))
#20 C:\Users\YUDAPB\Laravel\crud-yudapb\vendor\laravel\framework\src\Illuminate\Routing\Pipeline.php(53): Illuminate\Pipeline\Pipeline->Illuminate\Pipeline\{closure}(Object(Illuminate\Http\Request))
#21 C:\Users\YUDAPB\Laravel\crud-yudapb\vendor\laravel\framework\src\Illuminate\Session\Middleware\StartSession.php(64): Illuminate\Routing\Pipeline->Illuminate\Routing\{closure}(Object(Illuminate\Http\Request))
#22 C:\Users\YUDAPB\Laravel\crud-yudapb\vendor\laravel\framework\src\Illuminate\Pipeline\Pipeline.php(148): Illuminate\Session\Middleware\StartSession->handle(Object(Illuminate\Http\Request), Object(Closure))
#23 C:\Users\YUDAPB\Laravel\crud-yudapb\vendor\laravel\framework\src\Illuminate\Routing\Pipeline.php(53): Illuminate\Pipeline\Pipeline->Illuminate\Pipeline\{closure}(Object(Illuminate\Http\Request))
#24 C:\Users\YUDAPB\Laravel\crud-yudapb\vendor\laravel\framework\src\Illuminate\Cookie\Middleware\AddQueuedCookiesToResponse.php(37): Illuminate\Routing\Pipeline->Illuminate\Routing\{closure}(Object(Illuminate\Http\Request))
#25 C:\Users\YUDAPB\Laravel\crud-yudapb\vendor\laravel\framework\src\Illuminate\Pipeline\Pipeline.php(148): Illuminate\Cookie\Middleware\AddQueuedCookiesToResponse->handle(Object(Illuminate\Http\Request), Object(Closure))
#26 C:\Users\YUDAPB\Laravel\crud-yudapb\vendor\laravel\framework\src\Illuminate\Routing\Pipeline.php(53): Illuminate\Pipeline\Pipeline->Illuminate\Pipeline\{closure}(Object(Illuminate\Http\Request))
#27 C:\Users\YUDAPB\Laravel\crud-yudapb\vendor\laravel\framework\src\Illuminate\Cookie\Middleware\EncryptCookies.php(59): Illuminate\Routing\Pipeline->Illuminate\Routing\{closure}(Object(Illuminate\Http\Request))
#28 C:\Users\YUDAPB\Laravel\crud-yudapb\vendor\laravel\framework\src\Illuminate\Pipeline\Pipeline.php(148): Illuminate\Cookie\Middleware\EncryptCookies->handle(Object(Illuminate\Http\Request), Object(Closure))
#29 C:\Users\YUDAPB\Laravel\crud-yudapb\vendor\laravel\framework\src\Illuminate\Routing\Pipeline.php(53): Illuminate\Pipeline\Pipeline->Illuminate\Pipeline\{closure}(Object(Illuminate\Http\Request))
#30 C:\Users\YUDAPB\Laravel\crud-yudapb\vendor\laravel\framework\src\Illuminate\Pipeline\Pipeline.php(102): Illuminate\Routing\Pipeline->Illuminate\Routing\{closure}(Object(Illuminate\Http\Request))
#31 C:\Users\YUDAPB\Laravel\crud-yudapb\vendor\laravel\framework\src\Illuminate\Routing\Router.php(561): Illuminate\Pipeline\Pipeline->then(Object(Closure))
#32 C:\Users\YUDAPB\Laravel\crud-yudapb\vendor\laravel\framework\src\Illuminate\Routing\Router.php(520): Illuminate\Routing\Router->runRouteWithinStack(Object(Illuminate\Routing\Route), Object(Illuminate\Http\Request))
#33 C:\Users\YUDAPB\Laravel\crud-yudapb\vendor\laravel\framework\src\Illuminate\Routing\Router.php(498): Illuminate\Routing\Router->dispatchToRoute(Object(Illuminate\Http\Request))
#34 C:\Users\YUDAPB\Laravel\crud-yudapb\vendor\laravel\framework\src\Illuminate\Foundation\Http\Kernel.php(174): Illuminate\Routing\Router->dispatch(Object(Illuminate\Http\Request))
#35 C:\Users\YUDAPB\Laravel\crud-yudapb\vendor\laravel\framework\src\Illuminate\Routing\Pipeline.php(30): Illuminate\Foundation\Http\Kernel->Illuminate\Foundation\Http\{closure}(Object(Illuminate\Http\Request))
#36 C:\Users\YUDAPB\Laravel\crud-yudapb\vendor\laravel\framework\src\Illuminate\Foundation\Http\Middleware\TransformsRequest.php(30): Illuminate\Routing\Pipeline->Illuminate\Routing\{closure}(Object(Illuminate\Http\Request))
#37 C:\Users\YUDAPB\Laravel\crud-yudapb\vendor\laravel\framework\src\Illuminate\Pipeline\Pipeline.php(148): Illuminate\Foundation\Http\Middleware\TransformsRequest->handle(Object(Illuminate\Http\Request), Object(Closure))
#38 C:\Users\YUDAPB\Laravel\crud-yudapb\vendor\laravel\framework\src\Illuminate\Routing\Pipeline.php(53): Illuminate\Pipeline\Pipeline->Illuminate\Pipeline\{closure}(Object(Illuminate\Http\Request))
#39 C:\Users\YUDAPB\Laravel\crud-yudapb\vendor\laravel\framework\src\Illuminate\Foundation\Http\Middleware\TransformsRequest.php(30): Illuminate\Routing\Pipeline->Illuminate\Routing\{closure}(Object(Illuminate\Http\Request))
#40 C:\Users\YUDAPB\Laravel\crud-yudapb\vendor\laravel\framework\src\Illuminate\Pipeline\Pipeline.php(148): Illuminate\Foundation\Http\Middleware\TransformsRequest->handle(Object(Illuminate\Http\Request), Object(Closure))
#41 C:\Users\YUDAPB\Laravel\crud-yudapb\vendor\laravel\framework\src\Illuminate\Routing\Pipeline.php(53): Illuminate\Pipeline\Pipeline->Illuminate\Pipeline\{closure}(Object(Illuminate\Http\Request))
#42 C:\Users\YUDAPB\Laravel\crud-yudapb\vendor\laravel\framework\src\Illuminate\Foundation\Http\Middleware\ValidatePostSize.php(27): Illuminate\Routing\Pipeline->Illuminate\Routing\{closure}(Object(Illuminate\Http\Request))
#43 C:\Users\YUDAPB\Laravel\crud-yudapb\vendor\laravel\framework\src\Illuminate\Pipeline\Pipeline.php(148): Illuminate\Foundation\Http\Middleware\ValidatePostSize->handle(Object(Illuminate\Http\Request), Object(Closure))
#44 C:\Users\YUDAPB\Laravel\crud-yudapb\vendor\laravel\framework\src\Illuminate\Routing\Pipeline.php(53): Illuminate\Pipeline\Pipeline->Illuminate\Pipeline\{closure}(Object(Illuminate\Http\Request))
#45 C:\Users\YUDAPB\Laravel\crud-yudapb\vendor\laravel\framework\src\Illuminate\Foundation\Http\Middleware\CheckForMaintenanceMode.php(46): Illuminate\Routing\Pipeline->Illuminate\Routing\{closure}(Object(Illuminate\Http\Request))
#46 C:\Users\YUDAPB\Laravel\crud-yudapb\vendor\laravel\framework\src\Illuminate\Pipeline\Pipeline.php(148): Illuminate\Foundation\Http\Middleware\CheckForMaintenanceMode->handle(Object(Illuminate\Http\Request), Object(Closure))
#47 C:\Users\YUDAPB\Laravel\crud-yudapb\vendor\laravel\framework\src\Illuminate\Routing\Pipeline.php(53): Illuminate\Pipeline\Pipeline->Illuminate\Pipeline\{closure}(Object(Illuminate\Http\Request))
#48 C:\Users\YUDAPB\Laravel\crud-yudapb\vendor\laravel\framework\src\Illuminate\Pipeline\Pipeline.php(102): Illuminate\Routing\Pipeline->Illuminate\Routing\{closure}(Object(Illuminate\Http\Request))
#49 C:\Users\YUDAPB\Laravel\crud-yudapb\vendor\laravel\framework\src\Illuminate\Foundation\Http\Kernel.php(149): Illuminate\Pipeline\Pipeline->then(Object(Closure))
#50 C:\Users\YUDAPB\Laravel\crud-yudapb\vendor\laravel\framework\src\Illuminate\Foundation\Http\Kernel.php(116): Illuminate\Foundation\Http\Kernel->sendRequestThroughRouter(Object(Illuminate\Http\Request))
#51 C:\Users\YUDAPB\Laravel\crud-yudapb\public\index.php(54): Illuminate\Foundation\Http\Kernel->handle(Object(Illuminate\Http\Request))
#52 C:\Users\YUDAPB\Laravel\crud-yudapb\server.php(21): require_once('C:\\Users\\YUDAPB...')
#53 {main}  
[2017-02-23 09:20:02] local.ERROR: exception 'ErrorException' with message 'Undefined variable: dataList' in C:\Users\YUDAPB\Laravel\crud-yudapb\storage\framework\views\914571ac9aeea694e5b2d65b9242ef855d5413a7.php:22
Stack trace:
#0 C:\Users\YUDAPB\Laravel\crud-yudapb\storage\framework\views\914571ac9aeea694e5b2d65b9242ef855d5413a7.php(22): Illuminate\Foundation\Bootstrap\HandleExceptions->handleError(8, 'Undefined varia...', 'C:\\Users\\YUDAPB...', 22, Array)
#1 C:\Users\YUDAPB\Laravel\crud-yudapb\vendor\laravel\framework\src\Illuminate\View\Engines\PhpEngine.php(42): include('C:\\Users\\YUDAPB...')
#2 C:\Users\YUDAPB\Laravel\crud-yudapb\vendor\laravel\framework\src\Illuminate\View\Engines\CompilerEngine.php(59): Illuminate\View\Engines\PhpEngine->evaluatePath('C:\\Users\\YUDAPB...', Array)
#3 C:\Users\YUDAPB\Laravel\crud-yudapb\vendor\laravel\framework\src\Illuminate\View\View.php(137): Illuminate\View\Engines\CompilerEngine->get('C:\\Users\\YUDAPB...', Array)
#4 C:\Users\YUDAPB\Laravel\crud-yudapb\vendor\laravel\framework\src\Illuminate\View\View.php(120): Illuminate\View\View->getContents()
#5 C:\Users\YUDAPB\Laravel\crud-yudapb\vendor\laravel\framework\src\Illuminate\View\View.php(85): Illuminate\View\View->renderContents()
#6 C:\Users\YUDAPB\Laravel\crud-yudapb\vendor\laravel\framework\src\Illuminate\Http\Response.php(38): Illuminate\View\View->render()
#7 C:\Users\YUDAPB\Laravel\crud-yudapb\vendor\symfony\http-foundation\Response.php(225): Illuminate\Http\Response->setContent(Object(Illuminate\View\View))
#8 C:\Users\YUDAPB\Laravel\crud-yudapb\vendor\laravel\framework\src\Illuminate\Routing\Router.php(602): Symfony\Component\HttpFoundation\Response->__construct(Object(Illuminate\View\View))
#9 C:\Users\YUDAPB\Laravel\crud-yudapb\vendor\laravel\framework\src\Illuminate\Routing\Router.php(560): Illuminate\Routing\Router->prepareResponse(Object(Illuminate\Http\Request), Object(Illuminate\View\View))
#10 C:\Users\YUDAPB\Laravel\crud-yudapb\vendor\laravel\framework\src\Illuminate\Routing\Pipeline.php(30): Illuminate\Routing\Router->Illuminate\Routing\{closure}(Object(Illuminate\Http\Request))
#11 C:\Users\YUDAPB\Laravel\crud-yudapb\vendor\laravel\framework\src\Illuminate\Routing\Middleware\SubstituteBindings.php(41): Illuminate\Routing\Pipeline->Illuminate\Routing\{closure}(Object(Illuminate\Http\Request))
#12 C:\Users\YUDAPB\Laravel\crud-yudapb\vendor\laravel\framework\src\Illuminate\Pipeline\Pipeline.php(148): Illuminate\Routing\Middleware\SubstituteBindings->handle(Object(Illuminate\Http\Request), Object(Closure))
#13 C:\Users\YUDAPB\Laravel\crud-yudapb\vendor\laravel\framework\src\Illuminate\Routing\Pipeline.php(53): Illuminate\Pipeline\Pipeline->Illuminate\Pipeline\{closure}(Object(Illuminate\Http\Request))
#14 C:\Users\YUDAPB\Laravel\crud-yudapb\vendor\laravel\framework\src\Illuminate\Foundation\Http\Middleware\VerifyCsrfToken.php(65): Illuminate\Routing\Pipeline->Illuminate\Routing\{closure}(Object(Illuminate\Http\Request))
#15 C:\Users\YUDAPB\Laravel\crud-yudapb\vendor\laravel\framework\src\Illuminate\Pipeline\Pipeline.php(148): Illuminate\Foundation\Http\Middleware\VerifyCsrfToken->handle(Object(Illuminate\Http\Request), Object(Closure))
#16 C:\Users\YUDAPB\Laravel\crud-yudapb\vendor\laravel\framework\src\Illuminate\Routing\Pipeline.php(53): Illuminate\Pipeline\Pipeline->Illuminate\Pipeline\{closure}(Object(Illuminate\Http\Request))
#17 C:\Users\YUDAPB\Laravel\crud-yudapb\vendor\laravel\framework\src\Illuminate\View\Middleware\ShareErrorsFromSession.php(49): Illuminate\Routing\Pipeline->Illuminate\Routing\{closure}(Object(Illuminate\Http\Request))
#18 C:\Users\YUDAPB\Laravel\crud-yudapb\vendor\laravel\framework\src\Illuminate\Pipeline\Pipeline.php(148): Illuminate\View\Middleware\ShareErrorsFromSession->handle(Object(Illuminate\Http\Request), Object(Closure))
#19 C:\Users\YUDAPB\Laravel\crud-yudapb\vendor\laravel\framework\src\Illuminate\Routing\Pipeline.php(53): Illuminate\Pipeline\Pipeline->Illuminate\Pipeline\{closure}(Object(Illuminate\Http\Request))
#20 C:\Users\YUDAPB\Laravel\crud-yudapb\vendor\laravel\framework\src\Illuminate\Session\Middleware\StartSession.php(64): Illuminate\Routing\Pipeline->Illuminate\Routing\{closure}(Object(Illuminate\Http\Request))
#21 C:\Users\YUDAPB\Laravel\crud-yudapb\vendor\laravel\framework\src\Illuminate\Pipeline\Pipeline.php(148): Illuminate\Session\Middleware\StartSession->handle(Object(Illuminate\Http\Request), Object(Closure))
#22 C:\Users\YUDAPB\Laravel\crud-yudapb\vendor\laravel\framework\src\Illuminate\Routing\Pipeline.php(53): Illuminate\Pipeline\Pipeline->Illuminate\Pipeline\{closure}(Object(Illuminate\Http\Request))
#23 C:\Users\YUDAPB\Laravel\crud-yudapb\vendor\laravel\framework\src\Illuminate\Cookie\Middleware\AddQueuedCookiesToResponse.php(37): Illuminate\Routing\Pipeline->Illuminate\Routing\{closure}(Object(Illuminate\Http\Request))
#24 C:\Users\YUDAPB\Laravel\crud-yudapb\vendor\laravel\framework\src\Illuminate\Pipeline\Pipeline.php(148): Illuminate\Cookie\Middleware\AddQueuedCookiesToResponse->handle(Object(Illuminate\Http\Request), Object(Closure))
#25 C:\Users\YUDAPB\Laravel\crud-yudapb\vendor\laravel\framework\src\Illuminate\Routing\Pipeline.php(53): Illuminate\Pipeline\Pipeline->Illuminate\Pipeline\{closure}(Object(Illuminate\Http\Request))
#26 C:\Users\YUDAPB\Laravel\crud-yudapb\vendor\laravel\framework\src\Illuminate\Cookie\Middleware\EncryptCookies.php(59): Illuminate\Routing\Pipeline->Illuminate\Routing\{closure}(Object(Illuminate\Http\Request))
#27 C:\Users\YUDAPB\Laravel\crud-yudapb\vendor\laravel\framework\src\Illuminate\Pipeline\Pipeline.php(148): Illuminate\Cookie\Middleware\EncryptCookies->handle(Object(Illuminate\Http\Request), Object(Closure))
#28 C:\Users\YUDAPB\Laravel\crud-yudapb\vendor\laravel\framework\src\Illuminate\Routing\Pipeline.php(53): Illuminate\Pipeline\Pipeline->Illuminate\Pipeline\{closure}(Object(Illuminate\Http\Request))
#29 C:\Users\YUDAPB\Laravel\crud-yudapb\vendor\laravel\framework\src\Illuminate\Pipeline\Pipeline.php(102): Illuminate\Routing\Pipeline->Illuminate\Routing\{closure}(Object(Illuminate\Http\Request))
#30 C:\Users\YUDAPB\Laravel\crud-yudapb\vendor\laravel\framework\src\Illuminate\Routing\Router.php(561): Illuminate\Pipeline\Pipeline->then(Object(Closure))
#31 C:\Users\YUDAPB\Laravel\crud-yudapb\vendor\laravel\framework\src\Illuminate\Routing\Router.php(520): Illuminate\Routing\Router->runRouteWithinStack(Object(Illuminate\Routing\Route), Object(Illuminate\Http\Request))
#32 C:\Users\YUDAPB\Laravel\crud-yudapb\vendor\laravel\framework\src\Illuminate\Routing\Router.php(498): Illuminate\Routing\Router->dispatchToRoute(Object(Illuminate\Http\Request))
#33 C:\Users\YUDAPB\Laravel\crud-yudapb\vendor\laravel\framework\src\Illuminate\Foundation\Http\Kernel.php(174): Illuminate\Routing\Router->dispatch(Object(Illuminate\Http\Request))
#34 C:\Users\YUDAPB\Laravel\crud-yudapb\vendor\laravel\framework\src\Illuminate\Routing\Pipeline.php(30): Illuminate\Foundation\Http\Kernel->Illuminate\Foundation\Http\{closure}(Object(Illuminate\Http\Request))
#35 C:\Users\YUDAPB\Laravel\crud-yudapb\vendor\laravel\framework\src\Illuminate\Foundation\Http\Middleware\TransformsRequest.php(30): Illuminate\Routing\Pipeline->Illuminate\Routing\{closure}(Object(Illuminate\Http\Request))
#36 C:\Users\YUDAPB\Laravel\crud-yudapb\vendor\laravel\framework\src\Illuminate\Pipeline\Pipeline.php(148): Illuminate\Foundation\Http\Middleware\TransformsRequest->handle(Object(Illuminate\Http\Request), Object(Closure))
#37 C:\Users\YUDAPB\Laravel\crud-yudapb\vendor\laravel\framework\src\Illuminate\Routing\Pipeline.php(53): Illuminate\Pipeline\Pipeline->Illuminate\Pipeline\{closure}(Object(Illuminate\Http\Request))
#38 C:\Users\YUDAPB\Laravel\crud-yudapb\vendor\laravel\framework\src\Illuminate\Foundation\Http\Middleware\TransformsRequest.php(30): Illuminate\Routing\Pipeline->Illuminate\Routing\{closure}(Object(Illuminate\Http\Request))
#39 C:\Users\YUDAPB\Laravel\crud-yudapb\vendor\laravel\framework\src\Illuminate\Pipeline\Pipeline.php(148): Illuminate\Foundation\Http\Middleware\TransformsRequest->handle(Object(Illuminate\Http\Request), Object(Closure))
#40 C:\Users\YUDAPB\Laravel\crud-yudapb\vendor\laravel\framework\src\Illuminate\Routing\Pipeline.php(53): Illuminate\Pipeline\Pipeline->Illuminate\Pipeline\{closure}(Object(Illuminate\Http\Request))
#41 C:\Users\YUDAPB\Laravel\crud-yudapb\vendor\laravel\framework\src\Illuminate\Foundation\Http\Middleware\ValidatePostSize.php(27): Illuminate\Routing\Pipeline->Illuminate\Routing\{closure}(Object(Illuminate\Http\Request))
#42 C:\Users\YUDAPB\Laravel\crud-yudapb\vendor\laravel\framework\src\Illuminate\Pipeline\Pipeline.php(148): Illuminate\Foundation\Http\Middleware\ValidatePostSize->handle(Object(Illuminate\Http\Request), Object(Closure))
#43 C:\Users\YUDAPB\Laravel\crud-yudapb\vendor\laravel\framework\src\Illuminate\Routing\Pipeline.php(53): Illuminate\Pipeline\Pipeline->Illuminate\Pipeline\{closure}(Object(Illuminate\Http\Request))
#44 C:\Users\YUDAPB\Laravel\crud-yudapb\vendor\laravel\framework\src\Illuminate\Foundation\Http\Middleware\CheckForMaintenanceMode.php(46): Illuminate\Routing\Pipeline->Illuminate\Routing\{closure}(Object(Illuminate\Http\Request))
#45 C:\Users\YUDAPB\Laravel\crud-yudapb\vendor\laravel\framework\src\Illuminate\Pipeline\Pipeline.php(148): Illuminate\Foundation\Http\Middleware\CheckForMaintenanceMode->handle(Object(Illuminate\Http\Request), Object(Closure))
#46 C:\Users\YUDAPB\Laravel\crud-yudapb\vendor\laravel\framework\src\Illuminate\Routing\Pipeline.php(53): Illuminate\Pipeline\Pipeline->Illuminate\Pipeline\{closure}(Object(Illuminate\Http\Request))
#47 C:\Users\YUDAPB\Laravel\crud-yudapb\vendor\laravel\framework\src\Illuminate\Pipeline\Pipeline.php(102): Illuminate\Routing\Pipeline->Illuminate\Routing\{closure}(Object(Illuminate\Http\Request))
#48 C:\Users\YUDAPB\Laravel\crud-yudapb\vendor\laravel\framework\src\Illuminate\Foundation\Http\Kernel.php(149): Illuminate\Pipeline\Pipeline->then(Object(Closure))
#49 C:\Users\YUDAPB\Laravel\crud-yudapb\vendor\laravel\framework\src\Illuminate\Foundation\Http\Kernel.php(116): Illuminate\Foundation\Http\Kernel->sendRequestThroughRouter(Object(Illuminate\Http\Request))
#50 C:\Users\YUDAPB\Laravel\crud-yudapb\public\index.php(54): Illuminate\Foundation\Http\Kernel->handle(Object(Illuminate\Http\Request))
#51 C:\Users\YUDAPB\Laravel\crud-yudapb\server.php(21): require_once('C:\\Users\\YUDAPB...')
#52 {main}

Next exception 'ErrorException' with message 'Undefined variable: dataList (View: C:\Users\YUDAPB\Laravel\crud-yudapb\resources\views\UTS\home.blade.php)' in C:\Users\YUDAPB\Laravel\crud-yudapb\storage\framework\views\914571ac9aeea694e5b2d65b9242ef855d5413a7.php:22
Stack trace:
#0 C:\Users\YUDAPB\Laravel\crud-yudapb\vendor\laravel\framework\src\Illuminate\View\Engines\PhpEngine.php(44): Illuminate\View\Engines\CompilerEngine->handleViewException(Object(ErrorException), 1)
#1 C:\Users\YUDAPB\Laravel\crud-yudapb\vendor\laravel\framework\src\Illuminate\View\Engines\CompilerEngine.php(59): Illuminate\View\Engines\PhpEngine->evaluatePath('C:\\Users\\YUDAPB...', Array)
#2 C:\Users\YUDAPB\Laravel\crud-yudapb\vendor\laravel\framework\src\Illuminate\View\View.php(137): Illuminate\View\Engines\CompilerEngine->get('C:\\Users\\YUDAPB...', Array)
#3 C:\Users\YUDAPB\Laravel\crud-yudapb\vendor\laravel\framework\src\Illuminate\View\View.php(120): Illuminate\View\View->getContents()
#4 C:\Users\YUDAPB\Laravel\crud-yudapb\vendor\laravel\framework\src\Illuminate\View\View.php(85): Illuminate\View\View->renderContents()
#5 C:\Users\YUDAPB\Laravel\crud-yudapb\vendor\laravel\framework\src\Illuminate\Http\Response.php(38): Illuminate\View\View->render()
#6 C:\Users\YUDAPB\Laravel\crud-yudapb\vendor\symfony\http-foundation\Response.php(225): Illuminate\Http\Response->setContent(Object(Illuminate\View\View))
#7 C:\Users\YUDAPB\Laravel\crud-yudapb\vendor\laravel\framework\src\Illuminate\Routing\Router.php(602): Symfony\Component\HttpFoundation\Response->__construct(Object(Illuminate\View\View))
#8 C:\Users\YUDAPB\Laravel\crud-yudapb\vendor\laravel\framework\src\Illuminate\Routing\Router.php(560): Illuminate\Routing\Router->prepareResponse(Object(Illuminate\Http\Request), Object(Illuminate\View\View))
#9 C:\Users\YUDAPB\Laravel\crud-yudapb\vendor\laravel\framework\src\Illuminate\Routing\Pipeline.php(30): Illuminate\Routing\Router->Illuminate\Routing\{closure}(Object(Illuminate\Http\Request))
#10 C:\Users\YUDAPB\Laravel\crud-yudapb\vendor\laravel\framework\src\Illuminate\Routing\Middleware\SubstituteBindings.php(41): Illuminate\Routing\Pipeline->Illuminate\Routing\{closure}(Object(Illuminate\Http\Request))
#11 C:\Users\YUDAPB\Laravel\crud-yudapb\vendor\laravel\framework\src\Illuminate\Pipeline\Pipeline.php(148): Illuminate\Routing\Middleware\SubstituteBindings->handle(Object(Illuminate\Http\Request), Object(Closure))
#12 C:\Users\YUDAPB\Laravel\crud-yudapb\vendor\laravel\framework\src\Illuminate\Routing\Pipeline.php(53): Illuminate\Pipeline\Pipeline->Illuminate\Pipeline\{closure}(Object(Illuminate\Http\Request))
#13 C:\Users\YUDAPB\Laravel\crud-yudapb\vendor\laravel\framework\src\Illuminate\Foundation\Http\Middleware\VerifyCsrfToken.php(65): Illuminate\Routing\Pipeline->Illuminate\Routing\{closure}(Object(Illuminate\Http\Request))
#14 C:\Users\YUDAPB\Laravel\crud-yudapb\vendor\laravel\framework\src\Illuminate\Pipeline\Pipeline.php(148): Illuminate\Foundation\Http\Middleware\VerifyCsrfToken->handle(Object(Illuminate\Http\Request), Object(Closure))
#15 C:\Users\YUDAPB\Laravel\crud-yudapb\vendor\laravel\framework\src\Illuminate\Routing\Pipeline.php(53): Illuminate\Pipeline\Pipeline->Illuminate\Pipeline\{closure}(Object(Illuminate\Http\Request))
#16 C:\Users\YUDAPB\Laravel\crud-yudapb\vendor\laravel\framework\src\Illuminate\View\Middleware\ShareErrorsFromSession.php(49): Illuminate\Routing\Pipeline->Illuminate\Routing\{closure}(Object(Illuminate\Http\Request))
#17 C:\Users\YUDAPB\Laravel\crud-yudapb\vendor\laravel\framework\src\Illuminate\Pipeline\Pipeline.php(148): Illuminate\View\Middleware\ShareErrorsFromSession->handle(Object(Illuminate\Http\Request), Object(Closure))
#18 C:\Users\YUDAPB\Laravel\crud-yudapb\vendor\laravel\framework\src\Illuminate\Routing\Pipeline.php(53): Illuminate\Pipeline\Pipeline->Illuminate\Pipeline\{closure}(Object(Illuminate\Http\Request))
#19 C:\Users\YUDAPB\Laravel\crud-yudapb\vendor\laravel\framework\src\Illuminate\Session\Middleware\StartSession.php(64): Illuminate\Routing\Pipeline->Illuminate\Routing\{closure}(Object(Illuminate\Http\Request))
#20 C:\Users\YUDAPB\Laravel\crud-yudapb\vendor\laravel\framework\src\Illuminate\Pipeline\Pipeline.php(148): Illuminate\Session\Middleware\StartSession->handle(Object(Illuminate\Http\Request), Object(Closure))
#21 C:\Users\YUDAPB\Laravel\crud-yudapb\vendor\laravel\framework\src\Illuminate\Routing\Pipeline.php(53): Illuminate\Pipeline\Pipeline->Illuminate\Pipeline\{closure}(Object(Illuminate\Http\Request))
#22 C:\Users\YUDAPB\Laravel\crud-yudapb\vendor\laravel\framework\src\Illuminate\Cookie\Middleware\AddQueuedCookiesToResponse.php(37): Illuminate\Routing\Pipeline->Illuminate\Routing\{closure}(Object(Illuminate\Http\Request))
#23 C:\Users\YUDAPB\Laravel\crud-yudapb\vendor\laravel\framework\src\Illuminate\Pipeline\Pipeline.php(148): Illuminate\Cookie\Middleware\AddQueuedCookiesToResponse->handle(Object(Illuminate\Http\Request), Object(Closure))
#24 C:\Users\YUDAPB\Laravel\crud-yudapb\vendor\laravel\framework\src\Illuminate\Routing\Pipeline.php(53): Illuminate\Pipeline\Pipeline->Illuminate\Pipeline\{closure}(Object(Illuminate\Http\Request))
#25 C:\Users\YUDAPB\Laravel\crud-yudapb\vendor\laravel\framework\src\Illuminate\Cookie\Middleware\EncryptCookies.php(59): Illuminate\Routing\Pipeline->Illuminate\Routing\{closure}(Object(Illuminate\Http\Request))
#26 C:\Users\YUDAPB\Laravel\crud-yudapb\vendor\laravel\framework\src\Illuminate\Pipeline\Pipeline.php(148): Illuminate\Cookie\Middleware\EncryptCookies->handle(Object(Illuminate\Http\Request), Object(Closure))
#27 C:\Users\YUDAPB\Laravel\crud-yudapb\vendor\laravel\framework\src\Illuminate\Routing\Pipeline.php(53): Illuminate\Pipeline\Pipeline->Illuminate\Pipeline\{closure}(Object(Illuminate\Http\Request))
#28 C:\Users\YUDAPB\Laravel\crud-yudapb\vendor\laravel\framework\src\Illuminate\Pipeline\Pipeline.php(102): Illuminate\Routing\Pipeline->Illuminate\Routing\{closure}(Object(Illuminate\Http\Request))
#29 C:\Users\YUDAPB\Laravel\crud-yudapb\vendor\laravel\framework\src\Illuminate\Routing\Router.php(561): Illuminate\Pipeline\Pipeline->then(Object(Closure))
#30 C:\Users\YUDAPB\Laravel\crud-yudapb\vendor\laravel\framework\src\Illuminate\Routing\Router.php(520): Illuminate\Routing\Router->runRouteWithinStack(Object(Illuminate\Routing\Route), Object(Illuminate\Http\Request))
#31 C:\Users\YUDAPB\Laravel\crud-yudapb\vendor\laravel\framework\src\Illuminate\Routing\Router.php(498): Illuminate\Routing\Router->dispatchToRoute(Object(Illuminate\Http\Request))
#32 C:\Users\YUDAPB\Laravel\crud-yudapb\vendor\laravel\framework\src\Illuminate\Foundation\Http\Kernel.php(174): Illuminate\Routing\Router->dispatch(Object(Illuminate\Http\Request))
#33 C:\Users\YUDAPB\Laravel\crud-yudapb\vendor\laravel\framework\src\Illuminate\Routing\Pipeline.php(30): Illuminate\Foundation\Http\Kernel->Illuminate\Foundation\Http\{closure}(Object(Illuminate\Http\Request))
#34 C:\Users\YUDAPB\Laravel\crud-yudapb\vendor\laravel\framework\src\Illuminate\Foundation\Http\Middleware\TransformsRequest.php(30): Illuminate\Routing\Pipeline->Illuminate\Routing\{closure}(Object(Illuminate\Http\Request))
#35 C:\Users\YUDAPB\Laravel\crud-yudapb\vendor\laravel\framework\src\Illuminate\Pipeline\Pipeline.php(148): Illuminate\Foundation\Http\Middleware\TransformsRequest->handle(Object(Illuminate\Http\Request), Object(Closure))
#36 C:\Users\YUDAPB\Laravel\crud-yudapb\vendor\laravel\framework\src\Illuminate\Routing\Pipeline.php(53): Illuminate\Pipeline\Pipeline->Illuminate\Pipeline\{closure}(Object(Illuminate\Http\Request))
#37 C:\Users\YUDAPB\Laravel\crud-yudapb\vendor\laravel\framework\src\Illuminate\Foundation\Http\Middleware\TransformsRequest.php(30): Illuminate\Routing\Pipeline->Illuminate\Routing\{closure}(Object(Illuminate\Http\Request))
#38 C:\Users\YUDAPB\Laravel\crud-yudapb\vendor\laravel\framework\src\Illuminate\Pipeline\Pipeline.php(148): Illuminate\Foundation\Http\Middleware\TransformsRequest->handle(Object(Illuminate\Http\Request), Object(Closure))
#39 C:\Users\YUDAPB\Laravel\crud-yudapb\vendor\laravel\framework\src\Illuminate\Routing\Pipeline.php(53): Illuminate\Pipeline\Pipeline->Illuminate\Pipeline\{closure}(Object(Illuminate\Http\Request))
#40 C:\Users\YUDAPB\Laravel\crud-yudapb\vendor\laravel\framework\src\Illuminate\Foundation\Http\Middleware\ValidatePostSize.php(27): Illuminate\Routing\Pipeline->Illuminate\Routing\{closure}(Object(Illuminate\Http\Request))
#41 C:\Users\YUDAPB\Laravel\crud-yudapb\vendor\laravel\framework\src\Illuminate\Pipeline\Pipeline.php(148): Illuminate\Foundation\Http\Middleware\ValidatePostSize->handle(Object(Illuminate\Http\Request), Object(Closure))
#42 C:\Users\YUDAPB\Laravel\crud-yudapb\vendor\laravel\framework\src\Illuminate\Routing\Pipeline.php(53): Illuminate\Pipeline\Pipeline->Illuminate\Pipeline\{closure}(Object(Illuminate\Http\Request))
#43 C:\Users\YUDAPB\Laravel\crud-yudapb\vendor\laravel\framework\src\Illuminate\Foundation\Http\Middleware\CheckForMaintenanceMode.php(46): Illuminate\Routing\Pipeline->Illuminate\Routing\{closure}(Object(Illuminate\Http\Request))
#44 C:\Users\YUDAPB\Laravel\crud-yudapb\vendor\laravel\framework\src\Illuminate\Pipeline\Pipeline.php(148): Illuminate\Foundation\Http\Middleware\CheckForMaintenanceMode->handle(Object(Illuminate\Http\Request), Object(Closure))
#45 C:\Users\YUDAPB\Laravel\crud-yudapb\vendor\laravel\framework\src\Illuminate\Routing\Pipeline.php(53): Illuminate\Pipeline\Pipeline->Illuminate\Pipeline\{closure}(Object(Illuminate\Http\Request))
#46 C:\Users\YUDAPB\Laravel\crud-yudapb\vendor\laravel\framework\src\Illuminate\Pipeline\Pipeline.php(102): Illuminate\Routing\Pipeline->Illuminate\Routing\{closure}(Object(Illuminate\Http\Request))
#47 C:\Users\YUDAPB\Laravel\crud-yudapb\vendor\laravel\framework\src\Illuminate\Foundation\Http\Kernel.php(149): Illuminate\Pipeline\Pipeline->then(Object(Closure))
#48 C:\Users\YUDAPB\Laravel\crud-yudapb\vendor\laravel\framework\src\Illuminate\Foundation\Http\Kernel.php(116): Illuminate\Foundation\Http\Kernel->sendRequestThroughRouter(Object(Illuminate\Http\Request))
#49 C:\Users\YUDAPB\Laravel\crud-yudapb\public\index.php(54): Illuminate\Foundation\Http\Kernel->handle(Object(Illuminate\Http\Request))
#50 C:\Users\YUDAPB\Laravel\crud-yudapb\server.php(21): require_once('C:\\Users\\YUDAPB...')
#51 {main}  
[2017-02-23 09:23:41] local.ERROR: exception 'Symfony\Component\Debug\Exception\FatalErrorException' with message 'Class 'App\Http\Controllers\View' not found' in C:\Users\YUDAPB\Laravel\crud-yudapb\app\Http\Controllers\ViewController.php:41
Stack trace:
#0 {main}  
